-------------------------------------------------------------------------------
Test set: org.eclipse.emf.eef.tests.nonreg.AllTests
-------------------------------------------------------------------------------
Tests run: 29, Failures: 0, Errors: 0, Skipped: 0, Time elapsed: 2.594 sec
testModelingBot(org.eclipse.emf.eef.tests.nonreg.batch.detailsview.BatchMBotAddAdvTableCompoOnAbstractRef)  Time elapsed: 0.494 sectestModelingBot(org.eclipse.emf.eef.tests.nonreg.batch.detailsview.BatchMBotAddTableCompo)  Time elapsed: 0.105 sectestModelingBot(org.eclipse.emf.eef.tests.nonreg.batch.detailsview.BatchMBotCancelAddTableCompo)  Time elapsed: 0.127 sectestModelingBot(org.eclipse.emf.eef.tests.nonreg.batch.detailsview.BatchMBotCancelSetReferenceAEOFCV)  Time elapsed: 0.106 sectestModelingBot(org.eclipse.emf.eef.tests.nonreg.batch.detailsview.BatchMBotCancelSetReferenceFlatRefTable)  Time elapsed: 0.097 sectestModelingBot(org.eclipse.emf.eef.tests.nonreg.batch.detailsview.BatchMBotCancelSetReferenceRefTable)  Time elapsed: 0.081 sectestModelingBot(org.eclipse.emf.eef.tests.nonreg.batch.detailsview.BatchMBotRedoAddTableCompo)  Time elapsed: 0.097 sectestModelingBot(org.eclipse.emf.eef.tests.nonreg.batch.detailsview.BatchMBotRedoSetAttributeRadio)  Time elapsed: 0.053 sectestModelingBot(org.eclipse.emf.eef.tests.nonreg.batch.detailsview.BatchMBotRedoSetReferenceAEOFCV)  Time elapsed: 0.068 sectestModelingBot(org.eclipse.emf.eef.tests.nonreg.batch.detailsview.BatchMBotRedoSetReferenceFlatRefTable)  Time elapsed: 0.064 sectestModelingBot(org.eclipse.emf.eef.tests.nonreg.batch.detailsview.BatchMBotRedoSetReferenceRefTable)  Time elapsed: 0.057 sectestModelingBot(org.eclipse.emf.eef.tests.nonreg.batch.detailsview.BatchMBotRemoveTableCompo)  Time elapsed: 0.065 sectestModelingBot(org.eclipse.emf.eef.tests.nonreg.batch.detailsview.BatchMBotSetAttributeRadio)  Time elapsed: 0.061 sectestModelingBot(org.eclipse.emf.eef.tests.nonreg.batch.detailsview.BatchMBotSetReferenceAEOFCV)  Time elapsed: 0.069 sectestModelingBot(org.eclipse.emf.eef.tests.nonreg.batch.detailsview.BatchMBotSetReferenceFlatRefTable)  Time elapsed: 0.056 sectestModelingBot(org.eclipse.emf.eef.tests.nonreg.batch.detailsview.BatchMBotSetReferenceRefTable)  Time elapsed: 0.056 sectestModelingBot(org.eclipse.emf.eef.tests.nonreg.batch.detailsview.BatchMBotUndoAddTableCompo)  Time elapsed: 0.053 sectestModelingBot(org.eclipse.emf.eef.tests.nonreg.batch.detailsview.BatchMBotUndoSetAttributeRadio)  Time elapsed: 0.063 sectestModelingBot(org.eclipse.emf.eef.tests.nonreg.batch.detailsview.BatchMBotUndoSetReferenceAEOFCV)  Time elapsed: 0.052 sectestModelingBot(org.eclipse.emf.eef.tests.nonreg.batch.detailsview.BatchMBotUndoSetReferenceFlatRefTable)  Time elapsed: 0.052 sectestModelingBot(org.eclipse.emf.eef.tests.nonreg.batch.detailsview.BatchMBotUndoSetReferenceRefTable)  Time elapsed: 0.042 sectestModelingBot(org.eclipse.emf.eef.tests.nonreg.batch.detailsview.BatchMBotUnsetAEOFCV)  Time elapsed: 0.052 sectestModelingBot(org.eclipse.emf.eef.tests.nonreg.batch.detailsview.BatchMBotUnsetEOFCV)  Time elapsed: 0.053 sectestModelingBot(org.eclipse.emf.eef.tests.nonreg.batch.detailsview.BatchMBotUnsetFlatRefTable)  Time elapsed: 0.053 sectestModelingBot(org.eclipse.emf.eef.tests.nonreg.batch.detailsview.BatchMBotUnsetReferenceAEOFCV)  Time elapsed: 0.051 sectestModelingBot(org.eclipse.emf.eef.tests.nonreg.batch.detailsview.BatchMBotUnsetReferenceEOFCV)  Time elapsed: 0.047 sectestModelingBot(org.eclipse.emf.eef.tests.nonreg.batch.detailsview.BatchMBotUnsetReferenceFlatRefTable)  Time elapsed: 0.054 sectestModelingBot(org.eclipse.emf.eef.tests.nonreg.batch.detailsview.BatchMBotUnsetReferenceRefTable)  Time elapsed: 0.062 sectestModelingBot(org.eclipse.emf.eef.tests.nonreg.batch.detailsview.BatchMBotUnsetRefTable)  Time elapsed: 0.084 sec