<?xml version="1.0" encoding="UTF-8" ?>
<testsuite failures="1" time="1.664" errors="0" skipped="0" tests="1" name="org.eclipse.emf.eef.tests.nonreg.propertiesView.PViewMBotRedoSetReferenceAEOFCV">
  <properties>
[...]
</properties>
  <testcase time="1.663" classname="org.eclipse.emf.eef.tests.nonreg.propertiesView.PViewMBotRedoSetReferenceAEOFCV" name="testModelingBot">
    <failure message="The modeling bot model contains errors, correct them first" type="java.lang.AssertionError">java.lang.AssertionError: The modeling bot model contains errors, correct them first
	at org.junit.Assert.fail(Assert.java:93)
	at org.junit.Assert.assertTrue(Assert.java:43)
	at org.eclipse.emf.eef.modelingBot.interpreter.EEFInterpreter.runModelingBot(EEFInterpreter.java:206)
	at org.eclipse.emf.eef.modelingBot.swtbot.SWTEEFBot.runModelingBot(SWTEEFBot.java:700)
	at org.eclipse.emf.eef.tests.nonreg.propertiesView.PViewMBotRedoSetReferenceAEOFCV.testModelingBot(PViewMBotRedoSetReferenceAEOFCV.java:19)
	at sun.reflect.NativeMethodAccessorImpl.invoke0(Native Method)
	at sun.reflect.NativeMethodAccessorImpl.invoke(NativeMethodAccessorImpl.java:39)
	at sun.reflect.DelegatingMethodAccessorImpl.invoke(DelegatingMethodAccessorImpl.java:25)
	at java.lang.reflect.Method.invoke(Method.java:597)
	at junit.framework.TestCase.runTest(TestCase.java:168)
	at junit.framework.TestCase.runBare(TestCase.java:134)
	at org.eclipse.swtbot.swt.finder.SWTBotTestCase.runBare(SWTBotTestCase.java:228)
	at junit.framework.TestResult$1.protect(TestResult.java:110)
	at junit.framework.TestResult.runProtected(TestResult.java:128)
	at junit.framework.TestResult.run(TestResult.java:113)
	at junit.framework.TestCase.run(TestCase.java:124)
	at junit.framework.TestSuite.runTest(TestSuite.java:243)
	at junit.framework.TestSuite.run(TestSuite.java:238)
	at org.junit.internal.runners.JUnit38ClassRunner.run(JUnit38ClassRunner.java:83)
	at org.apache.maven.surefire.junit4.JUnit4TestSet.execute(JUnit4TestSet.java:53)
	at org.apache.maven.surefire.junit4.JUnit4Provider.executeTestSet(JUnit4Provider.java:123)
	at org.apache.maven.surefire.junit4.JUnit4Provider.invoke(JUnit4Provider.java:104)
	at sun.reflect.NativeMethodAccessorImpl.invoke0(Native Method)
	at sun.reflect.NativeMethodAccessorImpl.invoke(NativeMethodAccessorImpl.java:39)
	at sun.reflect.DelegatingMethodAccessorImpl.invoke(DelegatingMethodAccessorImpl.java:25)
	at java.lang.reflect.Method.invoke(Method.java:597)
	at org.apache.maven.surefire.util.ReflectionUtils.invokeMethodWithArray(ReflectionUtils.java:164)
	at org.apache.maven.surefire.booter.ProviderFactory$ProviderProxy.invoke(ProviderFactory.java:110)
	at org.apache.maven.surefire.booter.SurefireStarter.invokeProvider(SurefireStarter.java:175)
	at org.apache.maven.surefire.booter.SurefireStarter.runSuitesInProcess(SurefireStarter.java:123)
	at org.eclipse.tycho.surefire.osgibooter.OsgiSurefireBooter.run(OsgiSurefireBooter.java:84)
	at org.eclipse.tycho.surefire.osgibooter.AbstractUITestApplication.runTests(AbstractUITestApplication.java:44)
	at org.eclipse.ui.internal.testing.WorkbenchTestable$1.run(WorkbenchTestable.java:71)
	at java.lang.Thread.run(Thread.java:662)
</failure>
    <system-out>Source: org.eclipse.emf.ecore - Message: Diagnosis of org.eclipse.emf.eef.modelingBot.impl.ModelingBotImpl@17be49d{platform:/plugin/org.eclipse.emf.eef.tests.nonreg.junit/models/propertiesView_nonreg/redoSetReferenceAEOFCV.modelingbot#/} - Ex:null
Source: org.eclipse.emf.ecore - Message: The feature &apos;propertiesEditionContext&apos; of &apos;org.eclipse.emf.eef.modelingBot.impl.ModelingBotImpl@17be49d{platform:/plugin/org.eclipse.emf.eef.tests.nonreg.junit/models/propertiesView_nonreg/redoSetReferenceAEOFCV.modelingbot#/}&apos; contains an unresolved proxy &apos;org.eclipse.emf.eef.components.impl.PropertiesEditionContextImpl@de1ffa{platform:/org.eclipse.emf.eef.tests.nonreg.edit/models/eefnr.components#_Fx_LAAwvEd-uP4lw9e0IMw}&apos; - Ex:null
Source: org.eclipse.emf.ecore - Message: The feature &apos;root&apos; of &apos;org.eclipse.emf.eef.modelingBot.EclipseActions.impl.CreateModelImpl@10586be{platform:/plugin/org.eclipse.emf.eef.tests.nonreg.junit/models/propertiesView_nonreg/redoSetReferenceAEOFCV.modelingbot#//@sequences.0/@processings.1}&apos; contains an unresolved proxy &apos;org.eclipse.emf.ecore.impl.EClassImpl@1d14966{platform:/org.eclipse.emf.eef.tests.nonreg/model/eefnr.ecore#//Root}&apos; - Ex:null
Source: org.eclipse.emf.ecore - Message: The feature &apos;type&apos; of &apos;org.eclipse.emf.eef.modelingBot.EEFActions.impl.AddImpl@129cc93{platform:/plugin/org.eclipse.emf.eef.tests.nonreg.junit/models/propertiesView_nonreg/redoSetReferenceAEOFCV.modelingbot#//@sequences.0/@processings.5/@processings.0}&apos; contains an unresolved proxy &apos;org.eclipse.emf.ecore.impl.EClassImpl@135cc9e{platform:/org.eclipse.emf.eef.tests.nonreg/model/eefnr.ecore#//AdvancedEObjectFlatComboViewerSample}&apos; - Ex:null
Source: org.eclipse.emf.ecore - Message: The feature &apos;eContainingFeature&apos; of &apos;org.eclipse.emf.eef.modelingBot.EEFActions.impl.AddImpl@129cc93{platform:/plugin/org.eclipse.emf.eef.tests.nonreg.junit/models/propertiesView_nonreg/redoSetReferenceAEOFCV.modelingbot#//@sequences.0/@processings.5/@processings.0}&apos; contains an unresolved proxy &apos;org.eclipse.emf.ecore.impl.EReferenceImpl@10cccfb{platform:/org.eclipse.emf.eef.tests.nonreg/model/eefnr.ecore#//Root/samples}&apos; - Ex:null
Source: org.eclipse.emf.ecore - Message: The feature &apos;type&apos; of &apos;org.eclipse.emf.eef.modelingBot.EEFActions.impl.AddImpl@1658ade{platform:/plugin/org.eclipse.emf.eef.tests.nonreg.junit/models/propertiesView_nonreg/redoSetReferenceAEOFCV.modelingbot#//@sequences.0/@processings.5/@processings.1}&apos; contains an unresolved proxy &apos;org.eclipse.emf.ecore.impl.EClassImpl@1802efb{platform:/org.eclipse.emf.eef.tests.nonreg/model/eefnr.ecore#//TotalSample}&apos; - Ex:null
Source: org.eclipse.emf.ecore - Message: The feature &apos;eContainingFeature&apos; of &apos;org.eclipse.emf.eef.modelingBot.EEFActions.impl.AddImpl@1658ade{platform:/plugin/org.eclipse.emf.eef.tests.nonreg.junit/models/propertiesView_nonreg/redoSetReferenceAEOFCV.modelingbot#//@sequences.0/@processings.5/@processings.1}&apos; contains an unresolved proxy &apos;org.eclipse.emf.ecore.impl.EReferenceImpl@8c8255{platform:/org.eclipse.emf.eef.tests.nonreg/model/eefnr.ecore#//Root/samples}&apos; - Ex:null
Source: org.eclipse.emf.ecore - Message: The feature &apos;propertiesEditionElement&apos; of &apos;org.eclipse.emf.eef.modelingBot.EEFActions.impl.SetReferenceImpl@c0bea2{platform:/plugin/org.eclipse.emf.eef.tests.nonreg.junit/models/propertiesView_nonreg/redoSetReferenceAEOFCV.modelingbot#//@sequences.0/@processings.5/@processings.2}&apos; contains an unresolved proxy &apos;org.eclipse.emf.eef.components.impl.PropertiesEditionElementImpl@2397b6{platform:/org.eclipse.emf.eef.tests.nonreg.edit/models/eefnr.components#_Fx_LPQwvEd-uP4lw9e0IMw}&apos; - Ex:null
Source: org.eclipse.emf.ecore - Message: The feature &apos;eContainingFeature&apos; of &apos;org.eclipse.emf.eef.modelingBot.EEFActions.impl.SetReferenceImpl@c0bea2{platform:/plugin/org.eclipse.emf.eef.tests.nonreg.junit/models/propertiesView_nonreg/redoSetReferenceAEOFCV.modelingbot#//@sequences.0/@processings.5/@processings.2}&apos; contains an unresolved proxy &apos;org.eclipse.emf.ecore.impl.EReferenceImpl@bd33f3{platform:/org.eclipse.emf.eef.tests.nonreg/model/eefnr.ecore#//AdvancedEObjectFlatComboViewerSample/advancedeobjectflatcomboviewerOptionalProperty}&apos; - Ex:null
</system-out>
  </testcase>
</testsuite>